2020-12-22 15:09:27,004 [Worker-3: Loading available Gradle versions] INFO  o.e.b.c.i.u.g.PublishedGradleVersions - Gradle version information cache is up-to-date. Trying to read.
2020-12-22 15:10:19,054 [Worker-9: Importing Maven projects] INFO  o.e.m.c.i.l.LifecycleMappingFactory - Using org.eclipse.m2e.jdt.JarLifecycleMapping lifecycle mapping for MavenProject: com.devlima:hr-worker:0.0.1-SNAPSHOT @ /home/israel/ms-course/hr-worker/pom.xml.
2020-12-22 15:10:20,204 [Worker-9: Importing Maven projects] INFO  o.e.m.j.i.AbstractJavaProjectConfigurator - Adding source folder /hr-worker/src/main/java
2020-12-22 15:10:20,204 [Worker-9: Importing Maven projects] INFO  o.e.m.j.i.AbstractJavaProjectConfigurator - Adding resource folder /hr-worker/src/main/resources
2020-12-22 15:10:20,205 [Worker-9: Importing Maven projects] INFO  o.e.m.j.i.AbstractJavaProjectConfigurator - Adding resource folder /hr-worker/src/main/resources
2020-12-22 15:10:20,205 [Worker-9: Importing Maven projects] INFO  o.e.m.j.i.AbstractJavaProjectConfigurator - Adding source folder /hr-worker/src/test/java
2020-12-22 15:10:20,859 [Worker-9: Importing Maven projects] INFO  o.e.m.c.i.p.ProjectConfigurationManager - Imported and configured 1 project(s) in 3 sec
2020-12-22 15:10:22,438 [Worker-10: Building] INFO  o.e.m.c.i.embedder.EclipseLogger - Using 'UTF-8' encoding to copy filtered resources.
2020-12-22 15:10:22,447 [Worker-10: Building] INFO  o.e.m.c.i.embedder.EclipseLogger - Copying 1 resource
2020-12-22 15:10:22,459 [Worker-10: Building] INFO  o.e.m.c.i.embedder.EclipseLogger - Copying 0 resource
2020-12-22 15:10:22,463 [Worker-10: Building] INFO  o.e.m.c.i.embedder.EclipseLogger - Using 'UTF-8' encoding to copy filtered resources.
2020-12-22 15:10:22,463 [Worker-10: Building] INFO  o.e.m.c.i.embedder.EclipseLogger - skip non existing resourceDirectory /home/israel/ms-course/hr-worker/src/test/resources
2020-12-22 15:11:08,359 [Worker-4: Loading available Gradle versions] INFO  o.e.b.c.i.u.g.PublishedGradleVersions - Gradle version information cache is up-to-date. Trying to read.
2020-12-22 15:12:55,650 [Worker-0: Launching hr-worker - HrWorkerApplication] INFO  o.e.m.c.i.embedder.EclipseLogger - Using 'UTF-8' encoding to copy filtered resources.
2020-12-22 15:12:55,654 [Worker-0: Launching hr-worker - HrWorkerApplication] INFO  o.e.m.c.i.embedder.EclipseLogger - Copying 1 resource
2020-12-22 15:12:55,664 [Worker-0: Launching hr-worker - HrWorkerApplication] INFO  o.e.m.c.i.embedder.EclipseLogger - Copying 0 resource
2020-12-22 15:12:55,667 [Worker-0: Launching hr-worker - HrWorkerApplication] INFO  o.e.m.c.i.embedder.EclipseLogger - Using 'UTF-8' encoding to copy filtered resources.
2020-12-22 15:12:55,667 [Worker-0: Launching hr-worker - HrWorkerApplication] INFO  o.e.m.c.i.embedder.EclipseLogger - skip non existing resourceDirectory /home/israel/ms-course/hr-worker/src/test/resources
2020-12-22 15:15:36,558 [Start Help Server] INFO  org.eclipse.jetty.util.log - Logging initialized @285021ms to org.eclipse.jetty.util.log.Slf4jLog
2020-12-22 15:15:36,770 [Start Help Server] INFO  org.eclipse.jetty.server.Server - jetty-9.4.31.v20200723; built: 2020-08-03T13:24:06.825Z; git: 450ba27947e13e66baa8cd1ce7e85a4461cacc1d; jvm 14.0.2+12-46
2020-12-22 15:15:36,799 [Start Help Server] INFO  org.eclipse.jetty.server.session - DefaultSessionIdManager workerName=node0
2020-12-22 15:15:36,800 [Start Help Server] INFO  org.eclipse.jetty.server.session - No SessionScavenger set, using defaults
2020-12-22 15:15:36,801 [Start Help Server] INFO  org.eclipse.jetty.server.session - node0 Scavenging every 660000ms
2020-12-22 15:15:36,832 [Start Help Server] INFO  o.e.j.server.handler.ContextHandler - Started o.e.j.s.ServletContextHandler@4107c33c{/help,null,AVAILABLE}
2020-12-22 15:15:36,841 [Start Help Server] INFO  o.e.jetty.server.AbstractConnector - Started ServerConnector@288e74d7{HTTP/1.1, (http/1.1)}{127.0.0.1:41609}
2020-12-22 15:15:36,841 [Start Help Server] INFO  org.eclipse.jetty.server.Server - Started @285305ms
2020-12-22 15:15:36,842 [Start Help Server] INFO  org.eclipse.jetty.server.session - node0 Scavenging every 726000ms
